2022-03-07 15:52:54,241:INFO:Initializing load_model()
2022-03-07 15:52:54,241:INFO:load_model(model_name=C:/Users/pjc328/PycharmProjects/git/sleep/sample data/example_model, platform=None, authentication=None, verbose=True)
2022-03-07 15:53:02,190:INFO:Initializing predict_model()
2022-03-07 15:53:02,190:INFO:predict_model(estimator=Pipeline(steps=[('dtypes',
                 DataTypes_Auto_infer(ml_usecase='classification',
                                      target='score')),
                ('imputer',
                 Simple_Imputer(categorical_strategy='not_available',
                                fill_value_categorical=None,
                                fill_value_numerical=None,
                                numeric_strategy='mean',
                                target_variable=None)),
                ('new_levels1',
                 New_Catagorical_Levels_in_TestData(replacement_strategy='least '
                                                                         'frequent',
                                                    targe...
                ('clean_names', Clean_Colum_Names()),
                ('feature_select', 'passthrough'), ('fix_multi', 'passthrough'),
                ('dfs', 'passthrough'), ('pca', 'passthrough'),
                ['trained_model',
                 RandomForestClassifier(bootstrap=False,
                                        class_weight='balanced_subsample',
                                        max_depth=6, max_features='log2',
                                        min_impurity_decrease=0.001,
                                        min_samples_leaf=6, min_samples_split=9,
                                        n_estimators=190, n_jobs=-1,
                                        random_state=123)]]), probability_threshold=None, encoded_labels=False, raw_score=False, round=4, verbose=True, ml_usecase=MLUsecase.CLASSIFICATION, display=None)
2022-03-07 15:53:02,190:INFO:Checking exceptions
2022-03-07 15:53:02,190:INFO:Preloading libraries
2022-03-07 15:53:21,156:INFO:Initializing predict_model()
2022-03-07 15:53:21,157:INFO:predict_model(estimator=Pipeline(steps=[('dtypes',
                 DataTypes_Auto_infer(ml_usecase='classification',
                                      target='score')),
                ('imputer',
                 Simple_Imputer(categorical_strategy='not_available',
                                fill_value_categorical=None,
                                fill_value_numerical=None,
                                numeric_strategy='mean',
                                target_variable=None)),
                ('new_levels1',
                 New_Catagorical_Levels_in_TestData(replacement_strategy='least '
                                                                         'frequent',
                                                    targe...
                ('clean_names', Clean_Colum_Names()),
                ('feature_select', 'passthrough'), ('fix_multi', 'passthrough'),
                ('dfs', 'passthrough'), ('pca', 'passthrough'),
                ['trained_model',
                 RandomForestClassifier(bootstrap=False,
                                        class_weight='balanced_subsample',
                                        max_depth=6, max_features='log2',
                                        min_impurity_decrease=0.001,
                                        min_samples_leaf=6, min_samples_split=9,
                                        n_estimators=190, n_jobs=-1,
                                        random_state=123)]]), probability_threshold=None, encoded_labels=False, raw_score=False, round=4, verbose=True, ml_usecase=MLUsecase.CLASSIFICATION, display=None)
2022-03-07 15:53:21,157:INFO:Checking exceptions
2022-03-07 15:53:21,157:INFO:Preloading libraries
2022-03-07 15:56:35,767:INFO:Initializing load_model()
2022-03-07 15:56:35,767:INFO:load_model(model_name=C:/Users/pjc328/PycharmProjects/git/sleep/sample data/example_model, platform=None, authentication=None, verbose=True)
2022-03-07 15:58:50,390:INFO:Initializing load_model()
2022-03-07 15:58:50,390:INFO:load_model(model_name=C:/Users/pjc328/PycharmProjects/git/sleep/sample data/example_model, platform=None, authentication=None, verbose=True)
2022-03-07 15:59:01,587:INFO:Initializing predict_model()
2022-03-07 15:59:01,587:INFO:predict_model(estimator=Pipeline(steps=[('dtypes',
                 DataTypes_Auto_infer(ml_usecase='classification',
                                      target='score')),
                ('imputer',
                 Simple_Imputer(categorical_strategy='not_available',
                                fill_value_categorical=None,
                                fill_value_numerical=None,
                                numeric_strategy='mean',
                                target_variable=None)),
                ('new_levels1',
                 New_Catagorical_Levels_in_TestData(replacement_strategy='least '
                                                                         'frequent',
                                                    targe...
                ('clean_names', Clean_Colum_Names()),
                ('feature_select', 'passthrough'), ('fix_multi', 'passthrough'),
                ('dfs', 'passthrough'), ('pca', 'passthrough'),
                ['trained_model',
                 RandomForestClassifier(bootstrap=False,
                                        class_weight='balanced_subsample',
                                        max_depth=6, max_features='log2',
                                        min_impurity_decrease=0.001,
                                        min_samples_leaf=6, min_samples_split=9,
                                        n_estimators=190, n_jobs=-1,
                                        random_state=123)]]), probability_threshold=None, encoded_labels=False, raw_score=False, round=4, verbose=True, ml_usecase=MLUsecase.CLASSIFICATION, display=None)
2022-03-07 15:59:01,587:INFO:Checking exceptions
2022-03-07 15:59:01,587:INFO:Preloading libraries
